0 info it worked if it ends with ok
1 verbose cli [ '/usr/local/bin/node', '/usr/local/bin/npm', 'publish' ]
2 info using npm@3.9.5
3 info using node@v6.2.2
4 verbose publish [ '.' ]
5 silly cache add args [ '.', null ]
6 verbose cache add spec .
7 silly cache add parsed spec Result {
7 silly cache add   raw: '.',
7 silly cache add   scope: null,
7 silly cache add   name: null,
7 silly cache add   rawSpec: '.',
7 silly cache add   spec: '/Users/mateodelnorte/development/kill-all-node-on-windows',
7 silly cache add   type: 'directory' }
8 verbose addLocalDirectory /Users/mateodelnorte/.npm/kill-all-node-on-windows/0.0.0/package.tgz not in flight; packing
9 verbose correctMkdir /Users/mateodelnorte/.npm correctMkdir not in flight; initializing
10 info lifecycle kill-all-node-on-windows@0.0.0~prepublish: kill-all-node-on-windows@0.0.0
11 silly lifecycle kill-all-node-on-windows@0.0.0~prepublish: no script for prepublish, continuing
12 verbose tar pack [ '/Users/mateodelnorte/.npm/kill-all-node-on-windows/0.0.0/package.tgz',
12 verbose tar pack   '/Users/mateodelnorte/development/kill-all-node-on-windows' ]
13 verbose tarball /Users/mateodelnorte/.npm/kill-all-node-on-windows/0.0.0/package.tgz
14 verbose folder /Users/mateodelnorte/development/kill-all-node-on-windows
15 verbose addLocalTarball adding from inside cache /Users/mateodelnorte/.npm/kill-all-node-on-windows/0.0.0/package.tgz
16 verbose correctMkdir /Users/mateodelnorte/.npm correctMkdir not in flight; initializing
17 silly cache afterAdd kill-all-node-on-windows@0.0.0
18 verbose afterAdd /Users/mateodelnorte/.npm/kill-all-node-on-windows/0.0.0/package/package.json not in flight; writing
19 verbose correctMkdir /Users/mateodelnorte/.npm correctMkdir not in flight; initializing
20 verbose afterAdd /Users/mateodelnorte/.npm/kill-all-node-on-windows/0.0.0/package/package.json written
21 silly publish { name: 'kill-all-node-on-windows',
21 silly publish   version: '0.0.0',
21 silly publish   description: 'kills all node.exe instances running on windows',
21 silly publish   main: 'index.js',
21 silly publish   bin: { 'kill-all-node-on-windows': 'index.js' },
21 silly publish   repository:
21 silly publish    { type: 'git',
21 silly publish      url: 'git+ssh://git@github.com/mateodelnorte/kill-all-node-on-windows.git' },
21 silly publish   keywords: [ 'kill', 'all', 'windows' ],
21 silly publish   author: { name: 'hi@iammattwalters.com' },
21 silly publish   license: 'ISC',
21 silly publish   bugs: { url: 'https://github.com/mateodelnorte/kill-all-node-on-windows/issues' },
21 silly publish   homepage: 'https://github.com/mateodelnorte/kill-all-node-on-windows#readme',
21 silly publish   gitHead: '7a978fc792687cc3dcdc5d5f3a54b610b3d38f98',
21 silly publish   readme: 'ERROR: No README data found!',
21 silly publish   _id: 'kill-all-node-on-windows@0.0.0',
21 silly publish   scripts: {},
21 silly publish   _shasum: 'a175f1a1e73993048448ac68dde62694faccc15c',
21 silly publish   _from: '.' }
22 verbose getPublishConfig undefined
23 silly mapToRegistry name kill-all-node-on-windows
24 silly mapToRegistry using default registry
25 silly mapToRegistry registry https://registry.npmjs.org/
26 silly mapToRegistry data Result {
26 silly mapToRegistry   raw: 'kill-all-node-on-windows',
26 silly mapToRegistry   scope: null,
26 silly mapToRegistry   name: 'kill-all-node-on-windows',
26 silly mapToRegistry   rawSpec: '',
26 silly mapToRegistry   spec: 'latest',
26 silly mapToRegistry   type: 'tag' }
27 silly mapToRegistry uri https://registry.npmjs.org/kill-all-node-on-windows
28 verbose publish registryBase https://registry.npmjs.org/
29 silly publish uploading /Users/mateodelnorte/.npm/kill-all-node-on-windows/0.0.0/package.tgz
30 verbose request uri https://registry.npmjs.org/kill-all-node-on-windows
31 verbose request sending authorization for write operation
32 info attempt registry request try #1 at 6:50:37 PM
33 verbose request using bearer token for auth
34 verbose request id a3b6101f7593124e
35 http request PUT https://registry.npmjs.org/kill-all-node-on-windows
36 http 403 https://registry.npmjs.org/kill-all-node-on-windows
37 verbose headers { 'content-type': 'application/json',
37 verbose headers   'cache-control': 'max-age=300',
37 verbose headers   'content-length': '95',
37 verbose headers   'accept-ranges': 'bytes',
37 verbose headers   date: 'Wed, 30 Nov 2016 23:50:37 GMT',
37 verbose headers   via: '1.1 varnish',
37 verbose headers   connection: 'keep-alive',
37 verbose headers   'x-served-by': 'cache-iad2148-IAD',
37 verbose headers   'x-cache': 'MISS',
37 verbose headers   'x-cache-hits': '0',
37 verbose headers   'x-timer': 'S1480549837.356405,VS0,VE600',
37 verbose headers   vary: 'Accept-Encoding' }
38 verbose request invalidating /Users/mateodelnorte/.npm/registry.npmjs.org/kill-all-node-on-windows on PUT
39 error publish Failed PUT 403
40 verbose stack Error: "You cannot publish over the previously published version 0.0.0." : kill-all-node-on-windows
40 verbose stack     at makeError (/usr/local/lib/node_modules/npm/node_modules/npm-registry-client/lib/request.js:264:12)
40 verbose stack     at CachingRegistryClient.<anonymous> (/usr/local/lib/node_modules/npm/node_modules/npm-registry-client/lib/request.js:252:14)
40 verbose stack     at Request._callback (/usr/local/lib/node_modules/npm/node_modules/npm-registry-client/lib/request.js:172:14)
40 verbose stack     at Request.self.callback (/usr/local/lib/node_modules/npm/node_modules/request/request.js:200:22)
40 verbose stack     at emitTwo (events.js:106:13)
40 verbose stack     at Request.emit (events.js:191:7)
40 verbose stack     at Request.<anonymous> (/usr/local/lib/node_modules/npm/node_modules/request/request.js:1067:10)
40 verbose stack     at emitOne (events.js:101:20)
40 verbose stack     at Request.emit (events.js:188:7)
40 verbose stack     at IncomingMessage.<anonymous> (/usr/local/lib/node_modules/npm/node_modules/request/request.js:988:12)
41 verbose statusCode 403
42 verbose pkgid kill-all-node-on-windows
43 verbose cwd /Users/mateodelnorte/development/kill-all-node-on-windows
44 error Darwin 16.0.0
45 error argv "/usr/local/bin/node" "/usr/local/bin/npm" "publish"
46 error node v6.2.2
47 error npm  v3.9.5
48 error code E403
49 error "You cannot publish over the previously published version 0.0.0." : kill-all-node-on-windows
50 error If you need help, you may report this error at:
50 error     <https://github.com/npm/npm/issues>
51 verbose exit [ 1, true ]
